{"/Users/otirme/Documents/GitHub/FullStackEM/server.js": {"path":"/Users/otirme/Documents/GitHub/FullStackEM/server.js","statementMap":{"0":{"start":{"line":1,"column":16},"end":{"line":1,"column":34}},"1":{"start":{"line":2,"column":12},"end":{"line":2,"column":21}},"2":{"start":{"line":3,"column":15},"end":{"line":3,"column":41}},"3":{"start":{"line":5,"column":17},"end":{"line":5,"column":36}},"4":{"start":{"line":6,"column":19},"end":{"line":6,"column":41}},"5":{"start":{"line":8,"column":0},"end":{"line":8,"column":43}},"6":{"start":{"line":9,"column":11},"end":{"line":9,"column":30}},"7":{"start":{"line":10,"column":0},"end":{"line":10,"column":47}},"8":{"start":{"line":10,"column":23},"end":{"line":10,"column":44}},"9":{"start":{"line":11,"column":0},"end":{"line":11,"column":62}},"10":{"start":{"line":11,"column":23},"end":{"line":11,"column":59}},"11":{"start":{"line":17,"column":0},"end":{"line":17,"column":63}},"12":{"start":{"line":18,"column":0},"end":{"line":18,"column":27}},"13":{"start":{"line":20,"column":20},"end":{"line":20,"column":51}},"14":{"start":{"line":21,"column":0},"end":{"line":21,"column":30}},"15":{"start":{"line":23,"column":0},"end":{"line":23,"column":20}}},"fnMap":{"0":{"name":"(anonymous_0)","decl":{"start":{"line":10,"column":15},"end":{"line":10,"column":16}},"loc":{"start":{"line":10,"column":22},"end":{"line":10,"column":45}},"line":10},"1":{"name":"(anonymous_1)","decl":{"start":{"line":11,"column":16},"end":{"line":11,"column":17}},"loc":{"start":{"line":11,"column":22},"end":{"line":11,"column":60}},"line":11}},"branchMap":{},"s":{"0":1,"1":1,"2":1,"3":1,"4":1,"5":1,"6":1,"7":1,"8":0,"9":1,"10":1,"11":1,"12":1,"13":1,"14":1,"15":1},"f":{"0":0,"1":1},"b":{},"_coverageSchema":"1a1c01bbd47fc00a2c39e90264f33305004495a9","hash":"d95411d6e5b1e4b27563ac58cf7a7946262f649d"}
,"/Users/otirme/Documents/GitHub/FullStackEM/controllers/post.js": {"path":"/Users/otirme/Documents/GitHub/FullStackEM/controllers/post.js","statementMap":{"0":{"start":{"line":1,"column":13},"end":{"line":1,"column":44}},"1":{"start":{"line":3,"column":23},"end":{"line":21,"column":1}},"2":{"start":{"line":4,"column":4},"end":{"line":20,"column":5}},"3":{"start":{"line":5,"column":8},"end":{"line":5,"column":30}},"4":{"start":{"line":7,"column":21},"end":{"line":10,"column":10}},"5":{"start":{"line":12,"column":24},"end":{"line":12,"column":41}},"6":{"start":{"line":13,"column":8},"end":{"line":13,"column":38}},"7":{"start":{"line":16,"column":8},"end":{"line":19,"column":11}},"8":{"start":{"line":23,"column":20},"end":{"line":44,"column":1}},"9":{"start":{"line":24,"column":4},"end":{"line":24,"column":33}},"10":{"start":{"line":26,"column":4},"end":{"line":43,"column":5}},"11":{"start":{"line":27,"column":23},"end":{"line":27,"column":39}},"12":{"start":{"line":30,"column":8},"end":{"line":35,"column":9}},"13":{"start":{"line":32,"column":12},"end":{"line":32,"column":55}},"14":{"start":{"line":34,"column":16},"end":{"line":34,"column":41}},"15":{"start":{"line":37,"column":8},"end":{"line":37,"column":35}},"16":{"start":{"line":39,"column":8},"end":{"line":42,"column":11}},"17":{"start":{"line":46,"column":20},"end":{"line":68,"column":1}},"18":{"start":{"line":47,"column":4},"end":{"line":47,"column":46}},"19":{"start":{"line":50,"column":4},"end":{"line":67,"column":5}},"20":{"start":{"line":51,"column":19},"end":{"line":51,"column":32}},"21":{"start":{"line":52,"column":8},"end":{"line":60,"column":9}},"22":{"start":{"line":53,"column":12},"end":{"line":56,"column":14}},"23":{"start":{"line":59,"column":12},"end":{"line":59,"column":43}},"24":{"start":{"line":61,"column":8},"end":{"line":61,"column":35}},"25":{"start":{"line":63,"column":8},"end":{"line":66,"column":11}},"26":{"start":{"line":71,"column":0},"end":{"line":75,"column":1}}},"fnMap":{"0":{"name":"(anonymous_0)","decl":{"start":{"line":3,"column":23},"end":{"line":3,"column":24}},"loc":{"start":{"line":3,"column":43},"end":{"line":21,"column":1}},"line":3},"1":{"name":"(anonymous_1)","decl":{"start":{"line":23,"column":20},"end":{"line":23,"column":21}},"loc":{"start":{"line":23,"column":39},"end":{"line":44,"column":1}},"line":23},"2":{"name":"(anonymous_2)","decl":{"start":{"line":46,"column":20},"end":{"line":46,"column":21}},"loc":{"start":{"line":46,"column":40},"end":{"line":68,"column":1}},"line":46}},"branchMap":{"0":{"loc":{"start":{"line":30,"column":8},"end":{"line":35,"column":9}},"type":"if","locations":[{"start":{"line":30,"column":8},"end":{"line":35,"column":9}},{"start":{"line":33,"column":16},"end":{"line":35,"column":9}}],"line":30},"1":{"loc":{"start":{"line":52,"column":8},"end":{"line":60,"column":9}},"type":"if","locations":[{"start":{"line":52,"column":8},"end":{"line":60,"column":9}},{"start":{"line":58,"column":12},"end":{"line":60,"column":9}}],"line":52},"2":{"loc":{"start":{"line":52,"column":11},"end":{"line":52,"column":40}},"type":"binary-expr","locations":[{"start":{"line":52,"column":11},"end":{"line":52,"column":21}},{"start":{"line":52,"column":25},"end":{"line":52,"column":40}}],"line":52}},"s":{"0":1,"1":1,"2":1,"3":1,"4":1,"5":1,"6":1,"7":0,"8":1,"9":2,"10":2,"11":2,"12":2,"13":1,"14":1,"15":2,"16":0,"17":1,"18":1,"19":1,"20":1,"21":1,"22":0,"23":1,"24":1,"25":0,"26":1},"f":{"0":1,"1":2,"2":1},"b":{"0":[1,1],"1":[0,1],"2":[1,1]},"_coverageSchema":"1a1c01bbd47fc00a2c39e90264f33305004495a9","hash":"2489563de068084d6fe73a64e8bd8738ab3b3112"}
,"/Users/otirme/Documents/GitHub/FullStackEM/models/post_model.js": {"path":"/Users/otirme/Documents/GitHub/FullStackEM/models/post_model.js","statementMap":{"0":{"start":{"line":1,"column":17},"end":{"line":1,"column":36}},"1":{"start":{"line":3,"column":19},"end":{"line":12,"column":2}},"2":{"start":{"line":14,"column":0},"end":{"line":14,"column":52}}},"fnMap":{},"branchMap":{},"s":{"0":1,"1":1,"2":1},"f":{},"b":{},"_coverageSchema":"1a1c01bbd47fc00a2c39e90264f33305004495a9","hash":"2494df7945204d33b35527f43d2b843ab28f0969"}
,"/Users/otirme/Documents/GitHub/FullStackEM/routes/post_routes.js": {"path":"/Users/otirme/Documents/GitHub/FullStackEM/routes/post_routes.js","statementMap":{"0":{"start":{"line":1,"column":16},"end":{"line":1,"column":34}},"1":{"start":{"line":2,"column":15},"end":{"line":2,"column":31}},"2":{"start":{"line":3,"column":13},"end":{"line":3,"column":43}},"3":{"start":{"line":6,"column":0},"end":{"line":6,"column":34}},"4":{"start":{"line":8,"column":0},"end":{"line":8,"column":38}},"5":{"start":{"line":10,"column":0},"end":{"line":10,"column":37}},"6":{"start":{"line":12,"column":0},"end":{"line":12,"column":24}}},"fnMap":{},"branchMap":{},"s":{"0":1,"1":1,"2":1,"3":1,"4":1,"5":1,"6":1},"f":{},"b":{},"_coverageSchema":"1a1c01bbd47fc00a2c39e90264f33305004495a9","hash":"19b2b88f5138c47372e8dd5f2e6446d302548cb8"}
}
